Copyright 1986-2022 Xilinx, Inc. All Rights Reserved. Copyright 2022-2024 Advanced Micro Devices, Inc. All Rights Reserved.
---------------------------------------------------------------------------------------------------------------------------------------------
| Tool Version : Vivado v.2024.2 (win64) Build 5239630 Fri Nov 08 22:35:27 MST 2024
| Date         : Mon May 12 15:02:41 2025
| Host         : KH29 running 64-bit major release  (build 9200)
| Command      : report_drc -file soc_top_drc_routed.rpt -pb soc_top_drc_routed.pb -rpx soc_top_drc_routed.rpx
| Design       : soc_top
| Device       : xc7a200tfbg676-1
| Speed File   : -1
| Design State : Fully Routed
---------------------------------------------------------------------------------------------------------------------------------------------

Report DRC

Table of Contents
-----------------
1. REPORT SUMMARY
2. REPORT DETAILS

1. REPORT SUMMARY
-----------------
            Netlist: netlist
          Floorplan: design_1
      Design limits: <entire design considered>
           Ruledeck: default
             Max checks: <unlimited>
             Checks found: 181
+-----------+----------+----------------------------+--------+
| Rule      | Severity | Description                | Checks |
+-----------+----------+----------------------------+--------+
| CHECK-3   | Warning  | Report rule limit reached  | 1      |
| PDRC-132  | Warning  | SLICE_PairEqSame_A6A5_WARN | 1      |
| PDRC-134  | Warning  | SLICE_PairEqSame_B6B5_WARN | 2      |
| PDRC-136  | Warning  | SLICE_PairEqSame_C6C5_WARN | 37     |
| PDRC-138  | Warning  | SLICE_PairEqSame_D6D5_WARN | 72     |
| PDRC-140  | Warning  | SLICE_PairEqSame_A6A5_WARN | 1      |
| PDRC-142  | Warning  | SLICE_PairEqSame_B6B5_WARN | 1      |
| PDRC-144  | Warning  | SLICE_PairEqSame_C6C5_WARN | 14     |
| PDRC-146  | Warning  | SLICE_PairEqSame_D6D5_WARN | 32     |
| REQP-1840 | Warning  | RAMB18 async control check | 20     |
+-----------+----------+----------------------------+--------+

2. REPORT DETAILS
-----------------
CHECK-3#1 Warning
Report rule limit reached  
REQP-1840 rule limit reached: 20 violations have been found.
Related violations: <none>

PDRC-132#1 Warning
SLICE_PairEqSame_A6A5_WARN  
Luts A6LUT and A5LUT in use in site SLICE_X9Y68 with different equations without A6 pin connected to Global Logic High.
Related violations: <none>

PDRC-134#1 Warning
SLICE_PairEqSame_B6B5_WARN  
Luts B6LUT and B5LUT in use in site SLICE_X29Y16 with different equations without A6 pin connected to Global Logic High.
Related violations: <none>

PDRC-134#2 Warning
SLICE_PairEqSame_B6B5_WARN  
Luts B6LUT and B5LUT in use in site SLICE_X3Y9 with different equations without A6 pin connected to Global Logic High.
Related violations: <none>

PDRC-136#1 Warning
SLICE_PairEqSame_C6C5_WARN  
Luts C6LUT and C5LUT in use in site SLICE_X21Y29 with different equations without A6 pin connected to Global Logic High.
Related violations: <none>

PDRC-136#2 Warning
SLICE_PairEqSame_C6C5_WARN  
Luts C6LUT and C5LUT in use in site SLICE_X21Y76 with different equations without A6 pin connected to Global Logic High.
Related violations: <none>

PDRC-136#3 Warning
SLICE_PairEqSame_C6C5_WARN  
Luts C6LUT and C5LUT in use in site SLICE_X23Y70 with different equations without A6 pin connected to Global Logic High.
Related violations: <none>

PDRC-136#4 Warning
SLICE_PairEqSame_C6C5_WARN  
Luts C6LUT and C5LUT in use in site SLICE_X24Y73 with different equations without A6 pin connected to Global Logic High.
Related violations: <none>

PDRC-136#5 Warning
SLICE_PairEqSame_C6C5_WARN  
Luts C6LUT and C5LUT in use in site SLICE_X24Y78 with different equations without A6 pin connected to Global Logic High.
Related violations: <none>

PDRC-136#6 Warning
SLICE_PairEqSame_C6C5_WARN  
Luts C6LUT and C5LUT in use in site SLICE_X26Y64 with different equations without A6 pin connected to Global Logic High.
Related violations: <none>

PDRC-136#7 Warning
SLICE_PairEqSame_C6C5_WARN  
Luts C6LUT and C5LUT in use in site SLICE_X27Y69 with different equations without A6 pin connected to Global Logic High.
Related violations: <none>

PDRC-136#8 Warning
SLICE_PairEqSame_C6C5_WARN  
Luts C6LUT and C5LUT in use in site SLICE_X27Y76 with different equations without A6 pin connected to Global Logic High.
Related violations: <none>

PDRC-136#9 Warning
SLICE_PairEqSame_C6C5_WARN  
Luts C6LUT and C5LUT in use in site SLICE_X28Y66 with different equations without A6 pin connected to Global Logic High.
Related violations: <none>

PDRC-136#10 Warning
SLICE_PairEqSame_C6C5_WARN  
Luts C6LUT and C5LUT in use in site SLICE_X28Y78 with different equations without A6 pin connected to Global Logic High.
Related violations: <none>

PDRC-136#11 Warning
SLICE_PairEqSame_C6C5_WARN  
Luts C6LUT and C5LUT in use in site SLICE_X29Y16 with different equations without A6 pin connected to Global Logic High.
Related violations: <none>

PDRC-136#12 Warning
SLICE_PairEqSame_C6C5_WARN  
Luts C6LUT and C5LUT in use in site SLICE_X30Y62 with different equations without A6 pin connected to Global Logic High.
Related violations: <none>

PDRC-136#13 Warning
SLICE_PairEqSame_C6C5_WARN  
Luts C6LUT and C5LUT in use in site SLICE_X30Y73 with different equations without A6 pin connected to Global Logic High.
Related violations: <none>

PDRC-136#14 Warning
SLICE_PairEqSame_C6C5_WARN  
Luts C6LUT and C5LUT in use in site SLICE_X31Y77 with different equations without A6 pin connected to Global Logic High.
Related violations: <none>

PDRC-136#15 Warning
SLICE_PairEqSame_C6C5_WARN  
Luts C6LUT and C5LUT in use in site SLICE_X32Y70 with different equations without A6 pin connected to Global Logic High.
Related violations: <none>

PDRC-136#16 Warning
SLICE_PairEqSame_C6C5_WARN  
Luts C6LUT and C5LUT in use in site SLICE_X33Y65 with different equations without A6 pin connected to Global Logic High.
Related violations: <none>

PDRC-136#17 Warning
SLICE_PairEqSame_C6C5_WARN  
Luts C6LUT and C5LUT in use in site SLICE_X34Y68 with different equations without A6 pin connected to Global Logic High.
Related violations: <none>

PDRC-136#18 Warning
SLICE_PairEqSame_C6C5_WARN  
Luts C6LUT and C5LUT in use in site SLICE_X35Y62 with different equations without A6 pin connected to Global Logic High.
Related violations: <none>

PDRC-136#19 Warning
SLICE_PairEqSame_C6C5_WARN  
Luts C6LUT and C5LUT in use in site SLICE_X35Y74 with different equations without A6 pin connected to Global Logic High.
Related violations: <none>

PDRC-136#20 Warning
SLICE_PairEqSame_C6C5_WARN  
Luts C6LUT and C5LUT in use in site SLICE_X35Y78 with different equations without A6 pin connected to Global Logic High.
Related violations: <none>

PDRC-136#21 Warning
SLICE_PairEqSame_C6C5_WARN  
Luts C6LUT and C5LUT in use in site SLICE_X37Y68 with different equations without A6 pin connected to Global Logic High.
Related violations: <none>

PDRC-136#22 Warning
SLICE_PairEqSame_C6C5_WARN  
Luts C6LUT and C5LUT in use in site SLICE_X38Y69 with different equations without A6 pin connected to Global Logic High.
Related violations: <none>

PDRC-136#23 Warning
SLICE_PairEqSame_C6C5_WARN  
Luts C6LUT and C5LUT in use in site SLICE_X38Y78 with different equations without A6 pin connected to Global Logic High.
Related violations: <none>

PDRC-136#24 Warning
SLICE_PairEqSame_C6C5_WARN  
Luts C6LUT and C5LUT in use in site SLICE_X39Y64 with different equations without A6 pin connected to Global Logic High.
Related violations: <none>

PDRC-136#25 Warning
SLICE_PairEqSame_C6C5_WARN  
Luts C6LUT and C5LUT in use in site SLICE_X39Y68 with different equations without A6 pin connected to Global Logic High.
Related violations: <none>

PDRC-136#26 Warning
SLICE_PairEqSame_C6C5_WARN  
Luts C6LUT and C5LUT in use in site SLICE_X39Y77 with different equations without A6 pin connected to Global Logic High.
Related violations: <none>

PDRC-136#27 Warning
SLICE_PairEqSame_C6C5_WARN  
Luts C6LUT and C5LUT in use in site SLICE_X3Y9 with different equations without A6 pin connected to Global Logic High.
Related violations: <none>

PDRC-136#28 Warning
SLICE_PairEqSame_C6C5_WARN  
Luts C6LUT and C5LUT in use in site SLICE_X45Y66 with different equations without A6 pin connected to Global Logic High.
Related violations: <none>

PDRC-136#29 Warning
SLICE_PairEqSame_C6C5_WARN  
Luts C6LUT and C5LUT in use in site SLICE_X45Y69 with different equations without A6 pin connected to Global Logic High.
Related violations: <none>

PDRC-136#30 Warning
SLICE_PairEqSame_C6C5_WARN  
Luts C6LUT and C5LUT in use in site SLICE_X45Y75 with different equations without A6 pin connected to Global Logic High.
Related violations: <none>

PDRC-136#31 Warning
SLICE_PairEqSame_C6C5_WARN  
Luts C6LUT and C5LUT in use in site SLICE_X47Y62 with different equations without A6 pin connected to Global Logic High.
Related violations: <none>

PDRC-136#32 Warning
SLICE_PairEqSame_C6C5_WARN  
Luts C6LUT and C5LUT in use in site SLICE_X47Y68 with different equations without A6 pin connected to Global Logic High.
Related violations: <none>

PDRC-136#33 Warning
SLICE_PairEqSame_C6C5_WARN  
Luts C6LUT and C5LUT in use in site SLICE_X51Y65 with different equations without A6 pin connected to Global Logic High.
Related violations: <none>

PDRC-136#34 Warning
SLICE_PairEqSame_C6C5_WARN  
Luts C6LUT and C5LUT in use in site SLICE_X53Y64 with different equations without A6 pin connected to Global Logic High.
Related violations: <none>

PDRC-136#35 Warning
SLICE_PairEqSame_C6C5_WARN  
Luts C6LUT and C5LUT in use in site SLICE_X54Y69 with different equations without A6 pin connected to Global Logic High.
Related violations: <none>

PDRC-136#36 Warning
SLICE_PairEqSame_C6C5_WARN  
Luts C6LUT and C5LUT in use in site SLICE_X54Y74 with different equations without A6 pin connected to Global Logic High.
Related violations: <none>

PDRC-136#37 Warning
SLICE_PairEqSame_C6C5_WARN  
Luts C6LUT and C5LUT in use in site SLICE_X57Y66 with different equations without A6 pin connected to Global Logic High.
Related violations: <none>

PDRC-138#1 Warning
SLICE_PairEqSame_D6D5_WARN  
Luts D6LUT and D5LUT in use in site SLICE_X11Y49 with different equations without A6 pin connected to Global Logic High.
Related violations: <none>

PDRC-138#2 Warning
SLICE_PairEqSame_D6D5_WARN  
Luts D6LUT and D5LUT in use in site SLICE_X11Y53 with different equations without A6 pin connected to Global Logic High.
Related violations: <none>

PDRC-138#3 Warning
SLICE_PairEqSame_D6D5_WARN  
Luts D6LUT and D5LUT in use in site SLICE_X11Y56 with different equations without A6 pin connected to Global Logic High.
Related violations: <none>

PDRC-138#4 Warning
SLICE_PairEqSame_D6D5_WARN  
Luts D6LUT and D5LUT in use in site SLICE_X13Y47 with different equations without A6 pin connected to Global Logic High.
Related violations: <none>

PDRC-138#5 Warning
SLICE_PairEqSame_D6D5_WARN  
Luts D6LUT and D5LUT in use in site SLICE_X13Y58 with different equations without A6 pin connected to Global Logic High.
Related violations: <none>

PDRC-138#6 Warning
SLICE_PairEqSame_D6D5_WARN  
Luts D6LUT and D5LUT in use in site SLICE_X13Y60 with different equations without A6 pin connected to Global Logic High.
Related violations: <none>

PDRC-138#7 Warning
SLICE_PairEqSame_D6D5_WARN  
Luts D6LUT and D5LUT in use in site SLICE_X15Y51 with different equations without A6 pin connected to Global Logic High.
Related violations: <none>

PDRC-138#8 Warning
SLICE_PairEqSame_D6D5_WARN  
Luts D6LUT and D5LUT in use in site SLICE_X15Y55 with different equations without A6 pin connected to Global Logic High.
Related violations: <none>

PDRC-138#9 Warning
SLICE_PairEqSame_D6D5_WARN  
Luts D6LUT and D5LUT in use in site SLICE_X15Y57 with different equations without A6 pin connected to Global Logic High.
Related violations: <none>

PDRC-138#10 Warning
SLICE_PairEqSame_D6D5_WARN  
Luts D6LUT and D5LUT in use in site SLICE_X15Y60 with different equations without A6 pin connected to Global Logic High.
Related violations: <none>

PDRC-138#11 Warning
SLICE_PairEqSame_D6D5_WARN  
Luts D6LUT and D5LUT in use in site SLICE_X17Y51 with different equations without A6 pin connected to Global Logic High.
Related violations: <none>

PDRC-138#12 Warning
SLICE_PairEqSame_D6D5_WARN  
Luts D6LUT and D5LUT in use in site SLICE_X17Y53 with different equations without A6 pin connected to Global Logic High.
Related violations: <none>

PDRC-138#13 Warning
SLICE_PairEqSame_D6D5_WARN  
Luts D6LUT and D5LUT in use in site SLICE_X17Y55 with different equations without A6 pin connected to Global Logic High.
Related violations: <none>

PDRC-138#14 Warning
SLICE_PairEqSame_D6D5_WARN  
Luts D6LUT and D5LUT in use in site SLICE_X17Y58 with different equations without A6 pin connected to Global Logic High.
Related violations: <none>

PDRC-138#15 Warning
SLICE_PairEqSame_D6D5_WARN  
Luts D6LUT and D5LUT in use in site SLICE_X19Y43 with different equations without A6 pin connected to Global Logic High.
Related violations: <none>

PDRC-138#16 Warning
SLICE_PairEqSame_D6D5_WARN  
Luts D6LUT and D5LUT in use in site SLICE_X19Y46 with different equations without A6 pin connected to Global Logic High.
Related violations: <none>

PDRC-138#17 Warning
SLICE_PairEqSame_D6D5_WARN  
Luts D6LUT and D5LUT in use in site SLICE_X19Y51 with different equations without A6 pin connected to Global Logic High.
Related violations: <none>

PDRC-138#18 Warning
SLICE_PairEqSame_D6D5_WARN  
Luts D6LUT and D5LUT in use in site SLICE_X19Y55 with different equations without A6 pin connected to Global Logic High.
Related violations: <none>

PDRC-138#19 Warning
SLICE_PairEqSame_D6D5_WARN  
Luts D6LUT and D5LUT in use in site SLICE_X19Y57 with different equations without A6 pin connected to Global Logic High.
Related violations: <none>

PDRC-138#20 Warning
SLICE_PairEqSame_D6D5_WARN  
Luts D6LUT and D5LUT in use in site SLICE_X1Y30 with different equations without A6 pin connected to Global Logic High.
Related violations: <none>

PDRC-138#21 Warning
SLICE_PairEqSame_D6D5_WARN  
Luts D6LUT and D5LUT in use in site SLICE_X21Y29 with different equations without A6 pin connected to Global Logic High.
Related violations: <none>

PDRC-138#22 Warning
SLICE_PairEqSame_D6D5_WARN  
Luts D6LUT and D5LUT in use in site SLICE_X21Y41 with different equations without A6 pin connected to Global Logic High.
Related violations: <none>

PDRC-138#23 Warning
SLICE_PairEqSame_D6D5_WARN  
Luts D6LUT and D5LUT in use in site SLICE_X21Y44 with different equations without A6 pin connected to Global Logic High.
Related violations: <none>

PDRC-138#24 Warning
SLICE_PairEqSame_D6D5_WARN  
Luts D6LUT and D5LUT in use in site SLICE_X21Y76 with different equations without A6 pin connected to Global Logic High.
Related violations: <none>

PDRC-138#25 Warning
SLICE_PairEqSame_D6D5_WARN  
Luts D6LUT and D5LUT in use in site SLICE_X23Y22 with different equations without A6 pin connected to Global Logic High.
Related violations: <none>

PDRC-138#26 Warning
SLICE_PairEqSame_D6D5_WARN  
Luts D6LUT and D5LUT in use in site SLICE_X23Y24 with different equations without A6 pin connected to Global Logic High.
Related violations: <none>

PDRC-138#27 Warning
SLICE_PairEqSame_D6D5_WARN  
Luts D6LUT and D5LUT in use in site SLICE_X23Y31 with different equations without A6 pin connected to Global Logic High.
Related violations: <none>

PDRC-138#28 Warning
SLICE_PairEqSame_D6D5_WARN  
Luts D6LUT and D5LUT in use in site SLICE_X23Y42 with different equations without A6 pin connected to Global Logic High.
Related violations: <none>

PDRC-138#29 Warning
SLICE_PairEqSame_D6D5_WARN  
Luts D6LUT and D5LUT in use in site SLICE_X23Y44 with different equations without A6 pin connected to Global Logic High.
Related violations: <none>

PDRC-138#30 Warning
SLICE_PairEqSame_D6D5_WARN  
Luts D6LUT and D5LUT in use in site SLICE_X23Y48 with different equations without A6 pin connected to Global Logic High.
Related violations: <none>

PDRC-138#31 Warning
SLICE_PairEqSame_D6D5_WARN  
Luts D6LUT and D5LUT in use in site SLICE_X23Y70 with different equations without A6 pin connected to Global Logic High.
Related violations: <none>

PDRC-138#32 Warning
SLICE_PairEqSame_D6D5_WARN  
Luts D6LUT and D5LUT in use in site SLICE_X24Y44 with different equations without A6 pin connected to Global Logic High.
Related violations: <none>

PDRC-138#33 Warning
SLICE_PairEqSame_D6D5_WARN  
Luts D6LUT and D5LUT in use in site SLICE_X24Y46 with different equations without A6 pin connected to Global Logic High.
Related violations: <none>

PDRC-138#34 Warning
SLICE_PairEqSame_D6D5_WARN  
Luts D6LUT and D5LUT in use in site SLICE_X24Y48 with different equations without A6 pin connected to Global Logic High.
Related violations: <none>

PDRC-138#35 Warning
SLICE_PairEqSame_D6D5_WARN  
Luts D6LUT and D5LUT in use in site SLICE_X24Y73 with different equations without A6 pin connected to Global Logic High.
Related violations: <none>

PDRC-138#36 Warning
SLICE_PairEqSame_D6D5_WARN  
Luts D6LUT and D5LUT in use in site SLICE_X24Y78 with different equations without A6 pin connected to Global Logic High.
Related violations: <none>

PDRC-138#37 Warning
SLICE_PairEqSame_D6D5_WARN  
Luts D6LUT and D5LUT in use in site SLICE_X25Y42 with different equations without A6 pin connected to Global Logic High.
Related violations: <none>

PDRC-138#38 Warning
SLICE_PairEqSame_D6D5_WARN  
Luts D6LUT and D5LUT in use in site SLICE_X26Y44 with different equations without A6 pin connected to Global Logic High.
Related violations: <none>

PDRC-138#39 Warning
SLICE_PairEqSame_D6D5_WARN  
Luts D6LUT and D5LUT in use in site SLICE_X26Y64 with different equations without A6 pin connected to Global Logic High.
Related violations: <none>

PDRC-138#40 Warning
SLICE_PairEqSame_D6D5_WARN  
Luts D6LUT and D5LUT in use in site SLICE_X27Y45 with different equations without A6 pin connected to Global Logic High.
Related violations: <none>

PDRC-138#41 Warning
SLICE_PairEqSame_D6D5_WARN  
Luts D6LUT and D5LUT in use in site SLICE_X27Y69 with different equations without A6 pin connected to Global Logic High.
Related violations: <none>

PDRC-138#42 Warning
SLICE_PairEqSame_D6D5_WARN  
Luts D6LUT and D5LUT in use in site SLICE_X27Y76 with different equations without A6 pin connected to Global Logic High.
Related violations: <none>

PDRC-138#43 Warning
SLICE_PairEqSame_D6D5_WARN  
Luts D6LUT and D5LUT in use in site SLICE_X28Y66 with different equations without A6 pin connected to Global Logic High.
Related violations: <none>

PDRC-138#44 Warning
SLICE_PairEqSame_D6D5_WARN  
Luts D6LUT and D5LUT in use in site SLICE_X28Y78 with different equations without A6 pin connected to Global Logic High.
Related violations: <none>

PDRC-138#45 Warning
SLICE_PairEqSame_D6D5_WARN  
Luts D6LUT and D5LUT in use in site SLICE_X29Y21 with different equations without A6 pin connected to Global Logic High.
Related violations: <none>

PDRC-138#46 Warning
SLICE_PairEqSame_D6D5_WARN  
Luts D6LUT and D5LUT in use in site SLICE_X29Y43 with different equations without A6 pin connected to Global Logic High.
Related violations: <none>

PDRC-138#47 Warning
SLICE_PairEqSame_D6D5_WARN  
Luts D6LUT and D5LUT in use in site SLICE_X30Y62 with different equations without A6 pin connected to Global Logic High.
Related violations: <none>

PDRC-138#48 Warning
SLICE_PairEqSame_D6D5_WARN  
Luts D6LUT and D5LUT in use in site SLICE_X30Y73 with different equations without A6 pin connected to Global Logic High.
Related violations: <none>

PDRC-138#49 Warning
SLICE_PairEqSame_D6D5_WARN  
Luts D6LUT and D5LUT in use in site SLICE_X32Y70 with different equations without A6 pin connected to Global Logic High.
Related violations: <none>

PDRC-138#50 Warning
SLICE_PairEqSame_D6D5_WARN  
Luts D6LUT and D5LUT in use in site SLICE_X33Y65 with different equations without A6 pin connected to Global Logic High.
Related violations: <none>

PDRC-138#51 Warning
SLICE_PairEqSame_D6D5_WARN  
Luts D6LUT and D5LUT in use in site SLICE_X35Y62 with different equations without A6 pin connected to Global Logic High.
Related violations: <none>

PDRC-138#52 Warning
SLICE_PairEqSame_D6D5_WARN  
Luts D6LUT and D5LUT in use in site SLICE_X35Y74 with different equations without A6 pin connected to Global Logic High.
Related violations: <none>

PDRC-138#53 Warning
SLICE_PairEqSame_D6D5_WARN  
Luts D6LUT and D5LUT in use in site SLICE_X35Y78 with different equations without A6 pin connected to Global Logic High.
Related violations: <none>

PDRC-138#54 Warning
SLICE_PairEqSame_D6D5_WARN  
Luts D6LUT and D5LUT in use in site SLICE_X37Y68 with different equations without A6 pin connected to Global Logic High.
Related violations: <none>

PDRC-138#55 Warning
SLICE_PairEqSame_D6D5_WARN  
Luts D6LUT and D5LUT in use in site SLICE_X38Y31 with different equations without A6 pin connected to Global Logic High.
Related violations: <none>

PDRC-138#56 Warning
SLICE_PairEqSame_D6D5_WARN  
Luts D6LUT and D5LUT in use in site SLICE_X38Y69 with different equations without A6 pin connected to Global Logic High.
Related violations: <none>

PDRC-138#57 Warning
SLICE_PairEqSame_D6D5_WARN  
Luts D6LUT and D5LUT in use in site SLICE_X38Y78 with different equations without A6 pin connected to Global Logic High.
Related violations: <none>

PDRC-138#58 Warning
SLICE_PairEqSame_D6D5_WARN  
Luts D6LUT and D5LUT in use in site SLICE_X39Y64 with different equations without A6 pin connected to Global Logic High.
Related violations: <none>

PDRC-138#59 Warning
SLICE_PairEqSame_D6D5_WARN  
Luts D6LUT and D5LUT in use in site SLICE_X39Y68 with different equations without A6 pin connected to Global Logic High.
Related violations: <none>

PDRC-138#60 Warning
SLICE_PairEqSame_D6D5_WARN  
Luts D6LUT and D5LUT in use in site SLICE_X39Y77 with different equations without A6 pin connected to Global Logic High.
Related violations: <none>

PDRC-138#61 Warning
SLICE_PairEqSame_D6D5_WARN  
Luts D6LUT and D5LUT in use in site SLICE_X3Y9 with different equations without A6 pin connected to Global Logic High.
Related violations: <none>

PDRC-138#62 Warning
SLICE_PairEqSame_D6D5_WARN  
Luts D6LUT and D5LUT in use in site SLICE_X45Y66 with different equations without A6 pin connected to Global Logic High.
Related violations: <none>

PDRC-138#63 Warning
SLICE_PairEqSame_D6D5_WARN  
Luts D6LUT and D5LUT in use in site SLICE_X45Y69 with different equations without A6 pin connected to Global Logic High.
Related violations: <none>

PDRC-138#64 Warning
SLICE_PairEqSame_D6D5_WARN  
Luts D6LUT and D5LUT in use in site SLICE_X45Y75 with different equations without A6 pin connected to Global Logic High.
Related violations: <none>

PDRC-138#65 Warning
SLICE_PairEqSame_D6D5_WARN  
Luts D6LUT and D5LUT in use in site SLICE_X47Y62 with different equations without A6 pin connected to Global Logic High.
Related violations: <none>

PDRC-138#66 Warning
SLICE_PairEqSame_D6D5_WARN  
Luts D6LUT and D5LUT in use in site SLICE_X47Y68 with different equations without A6 pin connected to Global Logic High.
Related violations: <none>

PDRC-138#67 Warning
SLICE_PairEqSame_D6D5_WARN  
Luts D6LUT and D5LUT in use in site SLICE_X51Y65 with different equations without A6 pin connected to Global Logic High.
Related violations: <none>

PDRC-138#68 Warning
SLICE_PairEqSame_D6D5_WARN  
Luts D6LUT and D5LUT in use in site SLICE_X53Y64 with different equations without A6 pin connected to Global Logic High.
Related violations: <none>

PDRC-138#69 Warning
SLICE_PairEqSame_D6D5_WARN  
Luts D6LUT and D5LUT in use in site SLICE_X54Y69 with different equations without A6 pin connected to Global Logic High.
Related violations: <none>

PDRC-138#70 Warning
SLICE_PairEqSame_D6D5_WARN  
Luts D6LUT and D5LUT in use in site SLICE_X54Y74 with different equations without A6 pin connected to Global Logic High.
Related violations: <none>

PDRC-138#71 Warning
SLICE_PairEqSame_D6D5_WARN  
Luts D6LUT and D5LUT in use in site SLICE_X57Y66 with different equations without A6 pin connected to Global Logic High.
Related violations: <none>

PDRC-138#72 Warning
SLICE_PairEqSame_D6D5_WARN  
Luts D6LUT and D5LUT in use in site SLICE_X9Y57 with different equations without A6 pin connected to Global Logic High.
Related violations: <none>

PDRC-140#1 Warning
SLICE_PairEqSame_A6A5_WARN  
Luts A6LUT and A5LUT in use in site SLICE_X44Y18 with different equations without A6 pin connected to Global Logic High.
Related violations: <none>

PDRC-142#1 Warning
SLICE_PairEqSame_B6B5_WARN  
Luts B6LUT and B5LUT in use in site SLICE_X44Y18 with different equations without A6 pin connected to Global Logic High.
Related violations: <none>

PDRC-144#1 Warning
SLICE_PairEqSame_C6C5_WARN  
Luts C6LUT and C5LUT in use in site SLICE_X20Y77 with different equations without A6 pin connected to Global Logic High.
Related violations: <none>

PDRC-144#2 Warning
SLICE_PairEqSame_C6C5_WARN  
Luts C6LUT and C5LUT in use in site SLICE_X36Y65 with different equations without A6 pin connected to Global Logic High.
Related violations: <none>

PDRC-144#3 Warning
SLICE_PairEqSame_C6C5_WARN  
Luts C6LUT and C5LUT in use in site SLICE_X36Y74 with different equations without A6 pin connected to Global Logic High.
Related violations: <none>

PDRC-144#4 Warning
SLICE_PairEqSame_C6C5_WARN  
Luts C6LUT and C5LUT in use in site SLICE_X42Y71 with different equations without A6 pin connected to Global Logic High.
Related violations: <none>

PDRC-144#5 Warning
SLICE_PairEqSame_C6C5_WARN  
Luts C6LUT and C5LUT in use in site SLICE_X42Y74 with different equations without A6 pin connected to Global Logic High.
Related violations: <none>

PDRC-144#6 Warning
SLICE_PairEqSame_C6C5_WARN  
Luts C6LUT and C5LUT in use in site SLICE_X44Y63 with different equations without A6 pin connected to Global Logic High.
Related violations: <none>

PDRC-144#7 Warning
SLICE_PairEqSame_C6C5_WARN  
Luts C6LUT and C5LUT in use in site SLICE_X44Y71 with different equations without A6 pin connected to Global Logic High.
Related violations: <none>

PDRC-144#8 Warning
SLICE_PairEqSame_C6C5_WARN  
Luts C6LUT and C5LUT in use in site SLICE_X44Y79 with different equations without A6 pin connected to Global Logic High.
Related violations: <none>

PDRC-144#9 Warning
SLICE_PairEqSame_C6C5_WARN  
Luts C6LUT and C5LUT in use in site SLICE_X48Y73 with different equations without A6 pin connected to Global Logic High.
Related violations: <none>

PDRC-144#10 Warning
SLICE_PairEqSame_C6C5_WARN  
Luts C6LUT and C5LUT in use in site SLICE_X52Y62 with different equations without A6 pin connected to Global Logic High.
Related violations: <none>

PDRC-144#11 Warning
SLICE_PairEqSame_C6C5_WARN  
Luts C6LUT and C5LUT in use in site SLICE_X52Y70 with different equations without A6 pin connected to Global Logic High.
Related violations: <none>

PDRC-144#12 Warning
SLICE_PairEqSame_C6C5_WARN  
Luts C6LUT and C5LUT in use in site SLICE_X56Y62 with different equations without A6 pin connected to Global Logic High.
Related violations: <none>

PDRC-144#13 Warning
SLICE_PairEqSame_C6C5_WARN  
Luts C6LUT and C5LUT in use in site SLICE_X56Y68 with different equations without A6 pin connected to Global Logic High.
Related violations: <none>

PDRC-144#14 Warning
SLICE_PairEqSame_C6C5_WARN  
Luts C6LUT and C5LUT in use in site SLICE_X56Y73 with different equations without A6 pin connected to Global Logic High.
Related violations: <none>

PDRC-146#1 Warning
SLICE_PairEqSame_D6D5_WARN  
Luts D6LUT and D5LUT in use in site SLICE_X10Y58 with different equations without A6 pin connected to Global Logic High.
Related violations: <none>

PDRC-146#2 Warning
SLICE_PairEqSame_D6D5_WARN  
Luts D6LUT and D5LUT in use in site SLICE_X12Y60 with different equations without A6 pin connected to Global Logic High.
Related violations: <none>

PDRC-146#3 Warning
SLICE_PairEqSame_D6D5_WARN  
Luts D6LUT and D5LUT in use in site SLICE_X14Y49 with different equations without A6 pin connected to Global Logic High.
Related violations: <none>

PDRC-146#4 Warning
SLICE_PairEqSame_D6D5_WARN  
Luts D6LUT and D5LUT in use in site SLICE_X14Y52 with different equations without A6 pin connected to Global Logic High.
Related violations: <none>

PDRC-146#5 Warning
SLICE_PairEqSame_D6D5_WARN  
Luts D6LUT and D5LUT in use in site SLICE_X14Y54 with different equations without A6 pin connected to Global Logic High.
Related violations: <none>

PDRC-146#6 Warning
SLICE_PairEqSame_D6D5_WARN  
Luts D6LUT and D5LUT in use in site SLICE_X14Y61 with different equations without A6 pin connected to Global Logic High.
Related violations: <none>

PDRC-146#7 Warning
SLICE_PairEqSame_D6D5_WARN  
Luts D6LUT and D5LUT in use in site SLICE_X16Y44 with different equations without A6 pin connected to Global Logic High.
Related violations: <none>

PDRC-146#8 Warning
SLICE_PairEqSame_D6D5_WARN  
Luts D6LUT and D5LUT in use in site SLICE_X16Y59 with different equations without A6 pin connected to Global Logic High.
Related violations: <none>

PDRC-146#9 Warning
SLICE_PairEqSame_D6D5_WARN  
Luts D6LUT and D5LUT in use in site SLICE_X18Y46 with different equations without A6 pin connected to Global Logic High.
Related violations: <none>

PDRC-146#10 Warning
SLICE_PairEqSame_D6D5_WARN  
Luts D6LUT and D5LUT in use in site SLICE_X18Y54 with different equations without A6 pin connected to Global Logic High.
Related violations: <none>

PDRC-146#11 Warning
SLICE_PairEqSame_D6D5_WARN  
Luts D6LUT and D5LUT in use in site SLICE_X18Y57 with different equations without A6 pin connected to Global Logic High.
Related violations: <none>

PDRC-146#12 Warning
SLICE_PairEqSame_D6D5_WARN  
Luts D6LUT and D5LUT in use in site SLICE_X18Y60 with different equations without A6 pin connected to Global Logic High.
Related violations: <none>

PDRC-146#13 Warning
SLICE_PairEqSame_D6D5_WARN  
Luts D6LUT and D5LUT in use in site SLICE_X20Y46 with different equations without A6 pin connected to Global Logic High.
Related violations: <none>

PDRC-146#14 Warning
SLICE_PairEqSame_D6D5_WARN  
Luts D6LUT and D5LUT in use in site SLICE_X20Y57 with different equations without A6 pin connected to Global Logic High.
Related violations: <none>

PDRC-146#15 Warning
SLICE_PairEqSame_D6D5_WARN  
Luts D6LUT and D5LUT in use in site SLICE_X20Y77 with different equations without A6 pin connected to Global Logic High.
Related violations: <none>

PDRC-146#16 Warning
SLICE_PairEqSame_D6D5_WARN  
Luts D6LUT and D5LUT in use in site SLICE_X22Y42 with different equations without A6 pin connected to Global Logic High.
Related violations: <none>

PDRC-146#17 Warning
SLICE_PairEqSame_D6D5_WARN  
Luts D6LUT and D5LUT in use in site SLICE_X22Y48 with different equations without A6 pin connected to Global Logic High.
Related violations: <none>

PDRC-146#18 Warning
SLICE_PairEqSame_D6D5_WARN  
Luts D6LUT and D5LUT in use in site SLICE_X22Y52 with different equations without A6 pin connected to Global Logic High.
Related violations: <none>

PDRC-146#19 Warning
SLICE_PairEqSame_D6D5_WARN  
Luts D6LUT and D5LUT in use in site SLICE_X22Y55 with different equations without A6 pin connected to Global Logic High.
Related violations: <none>

PDRC-146#20 Warning
SLICE_PairEqSame_D6D5_WARN  
Luts D6LUT and D5LUT in use in site SLICE_X22Y57 with different equations without A6 pin connected to Global Logic High.
Related violations: <none>

PDRC-146#21 Warning
SLICE_PairEqSame_D6D5_WARN  
Luts D6LUT and D5LUT in use in site SLICE_X36Y65 with different equations without A6 pin connected to Global Logic High.
Related violations: <none>

PDRC-146#22 Warning
SLICE_PairEqSame_D6D5_WARN  
Luts D6LUT and D5LUT in use in site SLICE_X36Y74 with different equations without A6 pin connected to Global Logic High.
Related violations: <none>

PDRC-146#23 Warning
SLICE_PairEqSame_D6D5_WARN  
Luts D6LUT and D5LUT in use in site SLICE_X42Y71 with different equations without A6 pin connected to Global Logic High.
Related violations: <none>

PDRC-146#24 Warning
SLICE_PairEqSame_D6D5_WARN  
Luts D6LUT and D5LUT in use in site SLICE_X42Y74 with different equations without A6 pin connected to Global Logic High.
Related violations: <none>

PDRC-146#25 Warning
SLICE_PairEqSame_D6D5_WARN  
Luts D6LUT and D5LUT in use in site SLICE_X44Y63 with different equations without A6 pin connected to Global Logic High.
Related violations: <none>

PDRC-146#26 Warning
SLICE_PairEqSame_D6D5_WARN  
Luts D6LUT and D5LUT in use in site SLICE_X44Y71 with different equations without A6 pin connected to Global Logic High.
Related violations: <none>

PDRC-146#27 Warning
SLICE_PairEqSame_D6D5_WARN  
Luts D6LUT and D5LUT in use in site SLICE_X44Y79 with different equations without A6 pin connected to Global Logic High.
Related violations: <none>

PDRC-146#28 Warning
SLICE_PairEqSame_D6D5_WARN  
Luts D6LUT and D5LUT in use in site SLICE_X48Y73 with different equations without A6 pin connected to Global Logic High.
Related violations: <none>

PDRC-146#29 Warning
SLICE_PairEqSame_D6D5_WARN  
Luts D6LUT and D5LUT in use in site SLICE_X52Y62 with different equations without A6 pin connected to Global Logic High.
Related violations: <none>

PDRC-146#30 Warning
SLICE_PairEqSame_D6D5_WARN  
Luts D6LUT and D5LUT in use in site SLICE_X56Y62 with different equations without A6 pin connected to Global Logic High.
Related violations: <none>

PDRC-146#31 Warning
SLICE_PairEqSame_D6D5_WARN  
Luts D6LUT and D5LUT in use in site SLICE_X56Y68 with different equations without A6 pin connected to Global Logic High.
Related violations: <none>

PDRC-146#32 Warning
SLICE_PairEqSame_D6D5_WARN  
Luts D6LUT and D5LUT in use in site SLICE_X56Y73 with different equations without A6 pin connected to Global Logic High.
Related violations: <none>

REQP-1840#1 Warning
RAMB18 async control check  
The RAMB18E1 u_core_top/icache/data_ram_way[0].data_ram_bank[0].u/mem_reg_reg has an input control pin u_core_top/icache/data_ram_way[0].data_ram_bank[0].u/mem_reg_reg/ADDRARDADDR[10] (net: u_core_top/icache/data_ram_way[0].data_ram_bank[0].u/ADDRBWRADDR[5]) which is driven by a register (u_Axi_CDC/rFifo/popCC_addressGen_rValid_reg) that has an active asychronous set or reset. This may cause corruption of the memory contents and/or read values when the set/reset is asserted and is not analyzed by the default static timing analysis. It is suggested to eliminate the use of a set/reset to registers driving this RAMB pin or else use a synchronous reset in which the assertion of the reset is timed by default.
Related violations: <none>

REQP-1840#2 Warning
RAMB18 async control check  
The RAMB18E1 u_core_top/icache/data_ram_way[0].data_ram_bank[0].u/mem_reg_reg has an input control pin u_core_top/icache/data_ram_way[0].data_ram_bank[0].u/mem_reg_reg/ADDRARDADDR[11] (net: u_core_top/icache/data_ram_way[0].data_ram_bank[0].u/ADDRBWRADDR[6]) which is driven by a register (u_Axi_CDC/rFifo/popCC_addressGen_rValid_reg) that has an active asychronous set or reset. This may cause corruption of the memory contents and/or read values when the set/reset is asserted and is not analyzed by the default static timing analysis. It is suggested to eliminate the use of a set/reset to registers driving this RAMB pin or else use a synchronous reset in which the assertion of the reset is timed by default.
Related violations: <none>

REQP-1840#3 Warning
RAMB18 async control check  
The RAMB18E1 u_core_top/icache/data_ram_way[0].data_ram_bank[0].u/mem_reg_reg has an input control pin u_core_top/icache/data_ram_way[0].data_ram_bank[0].u/mem_reg_reg/ADDRARDADDR[12] (net: u_core_top/icache/data_ram_way[0].data_ram_bank[0].u/ADDRBWRADDR[7]) which is driven by a register (u_Axi_CDC/rFifo/popCC_addressGen_rValid_reg) that has an active asychronous set or reset. This may cause corruption of the memory contents and/or read values when the set/reset is asserted and is not analyzed by the default static timing analysis. It is suggested to eliminate the use of a set/reset to registers driving this RAMB pin or else use a synchronous reset in which the assertion of the reset is timed by default.
Related violations: <none>

REQP-1840#4 Warning
RAMB18 async control check  
The RAMB18E1 u_core_top/icache/data_ram_way[0].data_ram_bank[0].u/mem_reg_reg has an input control pin u_core_top/icache/data_ram_way[0].data_ram_bank[0].u/mem_reg_reg/ADDRARDADDR[5] (net: u_core_top/icache/data_ram_way[0].data_ram_bank[0].u/ADDRBWRADDR[0]) which is driven by a register (u_Axi_CDC/rFifo/popCC_addressGen_rValid_reg) that has an active asychronous set or reset. This may cause corruption of the memory contents and/or read values when the set/reset is asserted and is not analyzed by the default static timing analysis. It is suggested to eliminate the use of a set/reset to registers driving this RAMB pin or else use a synchronous reset in which the assertion of the reset is timed by default.
Related violations: <none>

REQP-1840#5 Warning
RAMB18 async control check  
The RAMB18E1 u_core_top/icache/data_ram_way[0].data_ram_bank[0].u/mem_reg_reg has an input control pin u_core_top/icache/data_ram_way[0].data_ram_bank[0].u/mem_reg_reg/ADDRARDADDR[6] (net: u_core_top/icache/data_ram_way[0].data_ram_bank[0].u/ADDRBWRADDR[1]) which is driven by a register (u_Axi_CDC/rFifo/popCC_addressGen_rValid_reg) that has an active asychronous set or reset. This may cause corruption of the memory contents and/or read values when the set/reset is asserted and is not analyzed by the default static timing analysis. It is suggested to eliminate the use of a set/reset to registers driving this RAMB pin or else use a synchronous reset in which the assertion of the reset is timed by default.
Related violations: <none>

REQP-1840#6 Warning
RAMB18 async control check  
The RAMB18E1 u_core_top/icache/data_ram_way[0].data_ram_bank[0].u/mem_reg_reg has an input control pin u_core_top/icache/data_ram_way[0].data_ram_bank[0].u/mem_reg_reg/ADDRARDADDR[7] (net: u_core_top/icache/data_ram_way[0].data_ram_bank[0].u/ADDRBWRADDR[2]) which is driven by a register (u_Axi_CDC/rFifo/popCC_addressGen_rValid_reg) that has an active asychronous set or reset. This may cause corruption of the memory contents and/or read values when the set/reset is asserted and is not analyzed by the default static timing analysis. It is suggested to eliminate the use of a set/reset to registers driving this RAMB pin or else use a synchronous reset in which the assertion of the reset is timed by default.
Related violations: <none>

REQP-1840#7 Warning
RAMB18 async control check  
The RAMB18E1 u_core_top/icache/data_ram_way[0].data_ram_bank[0].u/mem_reg_reg has an input control pin u_core_top/icache/data_ram_way[0].data_ram_bank[0].u/mem_reg_reg/ADDRARDADDR[8] (net: u_core_top/icache/data_ram_way[0].data_ram_bank[0].u/ADDRBWRADDR[3]) which is driven by a register (u_Axi_CDC/rFifo/popCC_addressGen_rValid_reg) that has an active asychronous set or reset. This may cause corruption of the memory contents and/or read values when the set/reset is asserted and is not analyzed by the default static timing analysis. It is suggested to eliminate the use of a set/reset to registers driving this RAMB pin or else use a synchronous reset in which the assertion of the reset is timed by default.
Related violations: <none>

REQP-1840#8 Warning
RAMB18 async control check  
The RAMB18E1 u_core_top/icache/data_ram_way[0].data_ram_bank[0].u/mem_reg_reg has an input control pin u_core_top/icache/data_ram_way[0].data_ram_bank[0].u/mem_reg_reg/ADDRARDADDR[9] (net: u_core_top/icache/data_ram_way[0].data_ram_bank[0].u/ADDRBWRADDR[4]) which is driven by a register (u_Axi_CDC/rFifo/popCC_addressGen_rValid_reg) that has an active asychronous set or reset. This may cause corruption of the memory contents and/or read values when the set/reset is asserted and is not analyzed by the default static timing analysis. It is suggested to eliminate the use of a set/reset to registers driving this RAMB pin or else use a synchronous reset in which the assertion of the reset is timed by default.
Related violations: <none>

REQP-1840#9 Warning
RAMB18 async control check  
The RAMB18E1 u_core_top/icache/data_ram_way[0].data_ram_bank[0].u/mem_reg_reg has an input control pin u_core_top/icache/data_ram_way[0].data_ram_bank[0].u/mem_reg_reg/ADDRBWRADDR[10] (net: u_core_top/icache/data_ram_way[0].data_ram_bank[0].u/ADDRBWRADDR[5]) which is driven by a register (u_Axi_CDC/rFifo/popCC_addressGen_rValid_reg) that has an active asychronous set or reset. This may cause corruption of the memory contents and/or read values when the set/reset is asserted and is not analyzed by the default static timing analysis. It is suggested to eliminate the use of a set/reset to registers driving this RAMB pin or else use a synchronous reset in which the assertion of the reset is timed by default.
Related violations: <none>

REQP-1840#10 Warning
RAMB18 async control check  
The RAMB18E1 u_core_top/icache/data_ram_way[0].data_ram_bank[0].u/mem_reg_reg has an input control pin u_core_top/icache/data_ram_way[0].data_ram_bank[0].u/mem_reg_reg/ADDRBWRADDR[11] (net: u_core_top/icache/data_ram_way[0].data_ram_bank[0].u/ADDRBWRADDR[6]) which is driven by a register (u_Axi_CDC/rFifo/popCC_addressGen_rValid_reg) that has an active asychronous set or reset. This may cause corruption of the memory contents and/or read values when the set/reset is asserted and is not analyzed by the default static timing analysis. It is suggested to eliminate the use of a set/reset to registers driving this RAMB pin or else use a synchronous reset in which the assertion of the reset is timed by default.
Related violations: <none>

REQP-1840#11 Warning
RAMB18 async control check  
The RAMB18E1 u_core_top/icache/data_ram_way[0].data_ram_bank[0].u/mem_reg_reg has an input control pin u_core_top/icache/data_ram_way[0].data_ram_bank[0].u/mem_reg_reg/ADDRBWRADDR[12] (net: u_core_top/icache/data_ram_way[0].data_ram_bank[0].u/ADDRBWRADDR[7]) which is driven by a register (u_Axi_CDC/rFifo/popCC_addressGen_rValid_reg) that has an active asychronous set or reset. This may cause corruption of the memory contents and/or read values when the set/reset is asserted and is not analyzed by the default static timing analysis. It is suggested to eliminate the use of a set/reset to registers driving this RAMB pin or else use a synchronous reset in which the assertion of the reset is timed by default.
Related violations: <none>

REQP-1840#12 Warning
RAMB18 async control check  
The RAMB18E1 u_core_top/icache/data_ram_way[0].data_ram_bank[0].u/mem_reg_reg has an input control pin u_core_top/icache/data_ram_way[0].data_ram_bank[0].u/mem_reg_reg/ADDRBWRADDR[5] (net: u_core_top/icache/data_ram_way[0].data_ram_bank[0].u/ADDRBWRADDR[0]) which is driven by a register (u_Axi_CDC/rFifo/popCC_addressGen_rValid_reg) that has an active asychronous set or reset. This may cause corruption of the memory contents and/or read values when the set/reset is asserted and is not analyzed by the default static timing analysis. It is suggested to eliminate the use of a set/reset to registers driving this RAMB pin or else use a synchronous reset in which the assertion of the reset is timed by default.
Related violations: <none>

REQP-1840#13 Warning
RAMB18 async control check  
The RAMB18E1 u_core_top/icache/data_ram_way[0].data_ram_bank[0].u/mem_reg_reg has an input control pin u_core_top/icache/data_ram_way[0].data_ram_bank[0].u/mem_reg_reg/ADDRBWRADDR[6] (net: u_core_top/icache/data_ram_way[0].data_ram_bank[0].u/ADDRBWRADDR[1]) which is driven by a register (u_Axi_CDC/rFifo/popCC_addressGen_rValid_reg) that has an active asychronous set or reset. This may cause corruption of the memory contents and/or read values when the set/reset is asserted and is not analyzed by the default static timing analysis. It is suggested to eliminate the use of a set/reset to registers driving this RAMB pin or else use a synchronous reset in which the assertion of the reset is timed by default.
Related violations: <none>

REQP-1840#14 Warning
RAMB18 async control check  
The RAMB18E1 u_core_top/icache/data_ram_way[0].data_ram_bank[0].u/mem_reg_reg has an input control pin u_core_top/icache/data_ram_way[0].data_ram_bank[0].u/mem_reg_reg/ADDRBWRADDR[7] (net: u_core_top/icache/data_ram_way[0].data_ram_bank[0].u/ADDRBWRADDR[2]) which is driven by a register (u_Axi_CDC/rFifo/popCC_addressGen_rValid_reg) that has an active asychronous set or reset. This may cause corruption of the memory contents and/or read values when the set/reset is asserted and is not analyzed by the default static timing analysis. It is suggested to eliminate the use of a set/reset to registers driving this RAMB pin or else use a synchronous reset in which the assertion of the reset is timed by default.
Related violations: <none>

REQP-1840#15 Warning
RAMB18 async control check  
The RAMB18E1 u_core_top/icache/data_ram_way[0].data_ram_bank[0].u/mem_reg_reg has an input control pin u_core_top/icache/data_ram_way[0].data_ram_bank[0].u/mem_reg_reg/ADDRBWRADDR[8] (net: u_core_top/icache/data_ram_way[0].data_ram_bank[0].u/ADDRBWRADDR[3]) which is driven by a register (u_Axi_CDC/rFifo/popCC_addressGen_rValid_reg) that has an active asychronous set or reset. This may cause corruption of the memory contents and/or read values when the set/reset is asserted and is not analyzed by the default static timing analysis. It is suggested to eliminate the use of a set/reset to registers driving this RAMB pin or else use a synchronous reset in which the assertion of the reset is timed by default.
Related violations: <none>

REQP-1840#16 Warning
RAMB18 async control check  
The RAMB18E1 u_core_top/icache/data_ram_way[0].data_ram_bank[0].u/mem_reg_reg has an input control pin u_core_top/icache/data_ram_way[0].data_ram_bank[0].u/mem_reg_reg/ADDRBWRADDR[9] (net: u_core_top/icache/data_ram_way[0].data_ram_bank[0].u/ADDRBWRADDR[4]) which is driven by a register (u_Axi_CDC/rFifo/popCC_addressGen_rValid_reg) that has an active asychronous set or reset. This may cause corruption of the memory contents and/or read values when the set/reset is asserted and is not analyzed by the default static timing analysis. It is suggested to eliminate the use of a set/reset to registers driving this RAMB pin or else use a synchronous reset in which the assertion of the reset is timed by default.
Related violations: <none>

REQP-1840#17 Warning
RAMB18 async control check  
The RAMB18E1 u_core_top/icache/data_ram_way[0].data_ram_bank[0].u/mem_reg_reg has an input control pin u_core_top/icache/data_ram_way[0].data_ram_bank[0].u/mem_reg_reg/ENARDEN (net: u_core_top/icache/data_ram_way[0].data_ram_bank[0].u/mem_reg_reg_i_1__3_n_0) which is driven by a register (u_Axi_CDC/rFifo/popCC_addressGen_rValid_reg) that has an active asychronous set or reset. This may cause corruption of the memory contents and/or read values when the set/reset is asserted and is not analyzed by the default static timing analysis. It is suggested to eliminate the use of a set/reset to registers driving this RAMB pin or else use a synchronous reset in which the assertion of the reset is timed by default.
Related violations: <none>

REQP-1840#18 Warning
RAMB18 async control check  
The RAMB18E1 u_core_top/icache/data_ram_way[0].data_ram_bank[0].u/mem_reg_reg has an input control pin u_core_top/icache/data_ram_way[0].data_ram_bank[0].u/mem_reg_reg/ENBWREN (net: u_core_top/icache/data_ram_way[0].data_ram_bank[0].u/mem_reg_reg_i_2__1_n_0) which is driven by a register (u_Axi_CDC/rFifo/popCC_addressGen_rValid_reg) that has an active asychronous set or reset. This may cause corruption of the memory contents and/or read values when the set/reset is asserted and is not analyzed by the default static timing analysis. It is suggested to eliminate the use of a set/reset to registers driving this RAMB pin or else use a synchronous reset in which the assertion of the reset is timed by default.
Related violations: <none>

REQP-1840#19 Warning
RAMB18 async control check  
The RAMB18E1 u_core_top/icache/data_ram_way[0].data_ram_bank[0].u/mem_reg_reg has an input control pin u_core_top/icache/data_ram_way[0].data_ram_bank[0].u/mem_reg_reg/WEBWE[2] (net: u_core_top/icache/data_ram_way[0].data_ram_bank[0].u/way_bank_wea[0][0]0) which is driven by a register (u_Axi_CDC/rFifo/popCC_addressGen_rValid_reg) that has an active asychronous set or reset. This may cause corruption of the memory contents and/or read values when the set/reset is asserted and is not analyzed by the default static timing analysis. It is suggested to eliminate the use of a set/reset to registers driving this RAMB pin or else use a synchronous reset in which the assertion of the reset is timed by default.
Related violations: <none>

REQP-1840#20 Warning
RAMB18 async control check  
The RAMB18E1 u_core_top/icache/data_ram_way[0].data_ram_bank[0].u/mem_reg_reg has an input control pin u_core_top/icache/data_ram_way[0].data_ram_bank[0].u/mem_reg_reg/WEBWE[3] (net: u_core_top/icache/data_ram_way[0].data_ram_bank[0].u/way_bank_wea[0][0]0) which is driven by a register (u_Axi_CDC/rFifo/popCC_addressGen_rValid_reg) that has an active asychronous set or reset. This may cause corruption of the memory contents and/or read values when the set/reset is asserted and is not analyzed by the default static timing analysis. It is suggested to eliminate the use of a set/reset to registers driving this RAMB pin or else use a synchronous reset in which the assertion of the reset is timed by default.
Related violations: <none>


