Vivado Simulator v2024.2.0
Copyright 1986-2022 Xilinx, Inc. All Rights Reserved.
Copyright 2022-2024 Advanced Micro Devices, Inc. All Rights Reserved.
Running: E:/Xilinx/Vivado/2024.2/bin/unwrapped/win64.o/xelab.exe --incr --debug typical --relax --mt 2 -L xil_defaultlib -L unisims_ver -L unimacro_ver -L secureip -L xpm --snapshot tb_top_behav xil_defaultlib.tb_top xil_defaultlib.glbl -log elaborate.log 
Using 2 slave threads.
Starting static elaboration
Pass Through NonSizing Optimizer
WARNING: [VRFC 10-3091] actual bit length 1 differs from formal bit length 4 for port 'wid' [E:/la32r_soc_ciciec/la32r_soc_ciciec/rtl/soc_top.v:400]
WARNING: [VRFC 10-3091] actual bit length 1 differs from formal bit length 64 for port 'ws_timer_64_diff' [E:/la32r_soc_ciciec/la32r_soc_ciciec/rtl/ip/open-la500/mycpu_top.v:622]
WARNING: [VRFC 10-3091] actual bit length 1 differs from formal bit length 8 for port 'ws_inst_ld_en_diff' [E:/la32r_soc_ciciec/la32r_soc_ciciec/rtl/ip/open-la500/mycpu_top.v:623]
WARNING: [VRFC 10-3091] actual bit length 1 differs from formal bit length 32 for port 'ws_ld_paddr_diff' [E:/la32r_soc_ciciec/la32r_soc_ciciec/rtl/ip/open-la500/mycpu_top.v:624]
WARNING: [VRFC 10-3091] actual bit length 1 differs from formal bit length 32 for port 'ws_ld_vaddr_diff' [E:/la32r_soc_ciciec/la32r_soc_ciciec/rtl/ip/open-la500/mycpu_top.v:625]
WARNING: [VRFC 10-3091] actual bit length 1 differs from formal bit length 8 for port 'ws_inst_st_en_diff' [E:/la32r_soc_ciciec/la32r_soc_ciciec/rtl/ip/open-la500/mycpu_top.v:626]
WARNING: [VRFC 10-3091] actual bit length 1 differs from formal bit length 32 for port 'ws_st_paddr_diff' [E:/la32r_soc_ciciec/la32r_soc_ciciec/rtl/ip/open-la500/mycpu_top.v:627]
WARNING: [VRFC 10-3091] actual bit length 1 differs from formal bit length 32 for port 'ws_st_vaddr_diff' [E:/la32r_soc_ciciec/la32r_soc_ciciec/rtl/ip/open-la500/mycpu_top.v:628]
WARNING: [VRFC 10-3091] actual bit length 1 differs from formal bit length 32 for port 'ws_st_data_diff' [E:/la32r_soc_ciciec/la32r_soc_ciciec/rtl/ip/open-la500/mycpu_top.v:629]
WARNING: [VRFC 10-3091] actual bit length 1 differs from formal bit length 32 for port 'ws_csr_data_diff' [E:/la32r_soc_ciciec/la32r_soc_ciciec/rtl/ip/open-la500/mycpu_top.v:631]
WARNING: [VRFC 10-3091] actual bit length 1 differs from formal bit length 32 for port 'csr_crmd_diff' [E:/la32r_soc_ciciec/la32r_soc_ciciec/rtl/ip/open-la500/mycpu_top.v:703]
WARNING: [VRFC 10-3091] actual bit length 1 differs from formal bit length 32 for port 'csr_prmd_diff' [E:/la32r_soc_ciciec/la32r_soc_ciciec/rtl/ip/open-la500/mycpu_top.v:704]
WARNING: [VRFC 10-3091] actual bit length 1 differs from formal bit length 32 for port 'csr_ectl_diff' [E:/la32r_soc_ciciec/la32r_soc_ciciec/rtl/ip/open-la500/mycpu_top.v:705]
WARNING: [VRFC 10-3091] actual bit length 1 differs from formal bit length 32 for port 'csr_estat_diff' [E:/la32r_soc_ciciec/la32r_soc_ciciec/rtl/ip/open-la500/mycpu_top.v:706]
WARNING: [VRFC 10-3091] actual bit length 1 differs from formal bit length 32 for port 'csr_era_diff' [E:/la32r_soc_ciciec/la32r_soc_ciciec/rtl/ip/open-la500/mycpu_top.v:707]
WARNING: [VRFC 10-3091] actual bit length 1 differs from formal bit length 32 for port 'csr_badv_diff' [E:/la32r_soc_ciciec/la32r_soc_ciciec/rtl/ip/open-la500/mycpu_top.v:708]
WARNING: [VRFC 10-3091] actual bit length 1 differs from formal bit length 32 for port 'csr_eentry_diff' [E:/la32r_soc_ciciec/la32r_soc_ciciec/rtl/ip/open-la500/mycpu_top.v:709]
WARNING: [VRFC 10-3091] actual bit length 1 differs from formal bit length 32 for port 'csr_tlbidx_diff' [E:/la32r_soc_ciciec/la32r_soc_ciciec/rtl/ip/open-la500/mycpu_top.v:710]
WARNING: [VRFC 10-3091] actual bit length 1 differs from formal bit length 32 for port 'csr_tlbehi_diff' [E:/la32r_soc_ciciec/la32r_soc_ciciec/rtl/ip/open-la500/mycpu_top.v:711]
WARNING: [VRFC 10-3091] actual bit length 1 differs from formal bit length 32 for port 'csr_tlbelo0_diff' [E:/la32r_soc_ciciec/la32r_soc_ciciec/rtl/ip/open-la500/mycpu_top.v:712]
WARNING: [VRFC 10-3091] actual bit length 1 differs from formal bit length 32 for port 'csr_tlbelo1_diff' [E:/la32r_soc_ciciec/la32r_soc_ciciec/rtl/ip/open-la500/mycpu_top.v:713]
WARNING: [VRFC 10-3091] actual bit length 1 differs from formal bit length 32 for port 'csr_asid_diff' [E:/la32r_soc_ciciec/la32r_soc_ciciec/rtl/ip/open-la500/mycpu_top.v:714]
WARNING: [VRFC 10-3091] actual bit length 1 differs from formal bit length 32 for port 'csr_save0_diff' [E:/la32r_soc_ciciec/la32r_soc_ciciec/rtl/ip/open-la500/mycpu_top.v:715]
WARNING: [VRFC 10-3091] actual bit length 1 differs from formal bit length 32 for port 'csr_save1_diff' [E:/la32r_soc_ciciec/la32r_soc_ciciec/rtl/ip/open-la500/mycpu_top.v:716]
WARNING: [VRFC 10-3091] actual bit length 1 differs from formal bit length 32 for port 'csr_save2_diff' [E:/la32r_soc_ciciec/la32r_soc_ciciec/rtl/ip/open-la500/mycpu_top.v:717]
WARNING: [VRFC 10-3091] actual bit length 1 differs from formal bit length 32 for port 'csr_save3_diff' [E:/la32r_soc_ciciec/la32r_soc_ciciec/rtl/ip/open-la500/mycpu_top.v:718]
WARNING: [VRFC 10-3091] actual bit length 1 differs from formal bit length 32 for port 'csr_tid_diff' [E:/la32r_soc_ciciec/la32r_soc_ciciec/rtl/ip/open-la500/mycpu_top.v:719]
WARNING: [VRFC 10-3091] actual bit length 1 differs from formal bit length 32 for port 'csr_tcfg_diff' [E:/la32r_soc_ciciec/la32r_soc_ciciec/rtl/ip/open-la500/mycpu_top.v:720]
WARNING: [VRFC 10-3091] actual bit length 1 differs from formal bit length 32 for port 'csr_tval_diff' [E:/la32r_soc_ciciec/la32r_soc_ciciec/rtl/ip/open-la500/mycpu_top.v:721]
WARNING: [VRFC 10-3091] actual bit length 1 differs from formal bit length 32 for port 'csr_ticlr_diff' [E:/la32r_soc_ciciec/la32r_soc_ciciec/rtl/ip/open-la500/mycpu_top.v:722]
WARNING: [VRFC 10-3091] actual bit length 1 differs from formal bit length 32 for port 'csr_llbctl_diff' [E:/la32r_soc_ciciec/la32r_soc_ciciec/rtl/ip/open-la500/mycpu_top.v:723]
WARNING: [VRFC 10-3091] actual bit length 1 differs from formal bit length 32 for port 'csr_tlbrentry_diff' [E:/la32r_soc_ciciec/la32r_soc_ciciec/rtl/ip/open-la500/mycpu_top.v:724]
WARNING: [VRFC 10-3091] actual bit length 1 differs from formal bit length 32 for port 'csr_dmw0_diff' [E:/la32r_soc_ciciec/la32r_soc_ciciec/rtl/ip/open-la500/mycpu_top.v:725]
WARNING: [VRFC 10-3091] actual bit length 1 differs from formal bit length 32 for port 'csr_dmw1_diff' [E:/la32r_soc_ciciec/la32r_soc_ciciec/rtl/ip/open-la500/mycpu_top.v:726]
WARNING: [VRFC 10-3091] actual bit length 1 differs from formal bit length 32 for port 'csr_pgdl_diff' [E:/la32r_soc_ciciec/la32r_soc_ciciec/rtl/ip/open-la500/mycpu_top.v:727]
WARNING: [VRFC 10-3091] actual bit length 1 differs from formal bit length 32 for port 'csr_pgdh_diff' [E:/la32r_soc_ciciec/la32r_soc_ciciec/rtl/ip/open-la500/mycpu_top.v:728]
WARNING: [VRFC 10-3091] actual bit length 2 differs from formal bit length 1 for port 'axiIn_awlock' [E:/la32r_soc_ciciec/la32r_soc_ciciec/rtl/soc_top.v:436]
WARNING: [VRFC 10-3091] actual bit length 2 differs from formal bit length 1 for port 'axiIn_arlock' [E:/la32r_soc_ciciec/la32r_soc_ciciec/rtl/soc_top.v:455]
WARNING: [VRFC 10-3091] actual bit length 2 differs from formal bit length 1 for port 'axiOut_awlock' [E:/la32r_soc_ciciec/la32r_soc_ciciec/rtl/soc_top.v:472]
WARNING: [VRFC 10-3091] actual bit length 2 differs from formal bit length 1 for port 'axiIn_awlock' [E:/la32r_soc_ciciec/la32r_soc_ciciec/rtl/soc_top.v:515]
WARNING: [VRFC 10-3091] actual bit length 2 differs from formal bit length 1 for port 'axiOut_0_awlock' [E:/la32r_soc_ciciec/la32r_soc_ciciec/rtl/soc_top.v:552]
WARNING: [VRFC 10-3091] actual bit length 4 differs from formal bit length 5 for port 'axiOut_0_bid' [E:/la32r_soc_ciciec/la32r_soc_ciciec/rtl/soc_top.v:562]
WARNING: [VRFC 10-3091] actual bit length 4 differs from formal bit length 5 for port 'axiOut_0_arid' [E:/la32r_soc_ciciec/la32r_soc_ciciec/rtl/soc_top.v:567]
WARNING: [VRFC 10-3091] actual bit length 2 differs from formal bit length 1 for port 'axiOut_0_arlock' [E:/la32r_soc_ciciec/la32r_soc_ciciec/rtl/soc_top.v:571]
WARNING: [VRFC 10-3091] actual bit length 4 differs from formal bit length 5 for port 'axiOut_1_awid' [E:/la32r_soc_ciciec/la32r_soc_ciciec/rtl/soc_top.v:585]
WARNING: [VRFC 10-3091] actual bit length 4 differs from formal bit length 5 for port 'axiOut_1_bid' [E:/la32r_soc_ciciec/la32r_soc_ciciec/rtl/soc_top.v:599]
WARNING: [VRFC 10-3091] actual bit length 4 differs from formal bit length 5 for port 'axiOut_1_arid' [E:/la32r_soc_ciciec/la32r_soc_ciciec/rtl/soc_top.v:604]
WARNING: [VRFC 10-3091] actual bit length 4 differs from formal bit length 5 for port 'axiOut_1_rid' [E:/la32r_soc_ciciec/la32r_soc_ciciec/rtl/soc_top.v:614]
WARNING: [VRFC 10-3091] actual bit length 4 differs from formal bit length 5 for port 'axiOut_3_awid' [E:/la32r_soc_ciciec/la32r_soc_ciciec/rtl/soc_top.v:659]
WARNING: [VRFC 10-3091] actual bit length 4 differs from formal bit length 5 for port 'axiOut_3_arid' [E:/la32r_soc_ciciec/la32r_soc_ciciec/rtl/soc_top.v:678]
WARNING: [VRFC 10-3091] actual bit length 4 differs from formal bit length 5 for port 'axi_arid' [E:/la32r_soc_ciciec/la32r_soc_ciciec/rtl/soc_top.v:698]
WARNING: [VRFC 10-3091] actual bit length 4 differs from formal bit length 5 for port 'axi_bid' [E:/la32r_soc_ciciec/la32r_soc_ciciec/rtl/soc_top.v:733]
WARNING: [VRFC 10-3091] actual bit length 8 differs from formal bit length 4 for port 's_arlen' [E:/la32r_soc_ciciec/la32r_soc_ciciec/rtl/ip/ram_wrap/axi_wrap_ram_sp_ext.v:200]
WARNING: [VRFC 10-3091] actual bit length 5 differs from formal bit length 6 for port 's_awid' [E:/la32r_soc_ciciec/la32r_soc_ciciec/rtl/ip/ram_wrap/axi_wrap_ram_sp_ext.v:208]
WARNING: [VRFC 10-3091] actual bit length 8 differs from formal bit length 4 for port 's_awlen' [E:/la32r_soc_ciciec/la32r_soc_ciciec/rtl/ip/ram_wrap/axi_wrap_ram_sp_ext.v:209]
WARNING: [VRFC 10-3091] actual bit length 5 differs from formal bit length 6 for port 's_rid' [E:/la32r_soc_ciciec/la32r_soc_ciciec/rtl/ip/ram_wrap/axi_wrap_ram_sp_ext.v:226]
WARNING: [VRFC 10-3091] actual bit length 4 differs from formal bit length 5 for port 'axi_s_awid' [E:/la32r_soc_ciciec/la32r_soc_ciciec/rtl/soc_top.v:759]
WARNING: [VRFC 10-3091] actual bit length 1 differs from formal bit length 2 for port 'axi_s_awlock' [E:/la32r_soc_ciciec/la32r_soc_ciciec/rtl/soc_top.v:764]
WARNING: [VRFC 10-3091] actual bit length 1 differs from formal bit length 5 for port 'axi_s_wid' [E:/la32r_soc_ciciec/la32r_soc_ciciec/rtl/soc_top.v:769]
WARNING: [VRFC 10-3091] actual bit length 4 differs from formal bit length 5 for port 'axi_s_bid' [E:/la32r_soc_ciciec/la32r_soc_ciciec/rtl/soc_top.v:775]
WARNING: [VRFC 10-3091] actual bit length 4 differs from formal bit length 5 for port 'axi_s_arid' [E:/la32r_soc_ciciec/la32r_soc_ciciec/rtl/soc_top.v:779]
WARNING: [VRFC 10-3091] actual bit length 1 differs from formal bit length 2 for port 'axi_s_arlock' [E:/la32r_soc_ciciec/la32r_soc_ciciec/rtl/soc_top.v:784]
WARNING: [VRFC 10-3091] actual bit length 4 differs from formal bit length 5 for port 'axi_s_rid' [E:/la32r_soc_ciciec/la32r_soc_ciciec/rtl/soc_top.v:789]
WARNING: [VRFC 10-3091] actual bit length 4 differs from formal bit length 5 for port 's_awid' [E:/la32r_soc_ciciec/la32r_soc_ciciec/rtl/soc_top.v:844]
WARNING: [VRFC 10-3091] actual bit length 4 differs from formal bit length 5 for port 's_arid' [E:/la32r_soc_ciciec/la32r_soc_ciciec/rtl/soc_top.v:867]
WARNING: [VRFC 10-3091] actual bit length 32 differs from formal bit length 24 for port 'pixel_data' [E:/la32r_soc_ciciec/la32r_soc_ciciec/rtl/ip/confreg/confreg.v:248]
WARNING: [VRFC 10-5021] port 'clock_btn' is not connected on this instance [E:/la32r_soc_ciciec/la32r_soc_ciciec/sim/mycpu_tb.v:113]
Completed static elaboration
Starting simulation data flow analysis
WARNING: [XSIM 43-4099] "E:/la32r_soc_ciciec/la32r_soc_ciciec/rtl/ip/Bus_interconnects/AxiCrossbar_1x4.v" Line 5. Module AxiCrossbar_1x4 doesn't have a timescale but at least one module in design has a timescale.
WARNING: [XSIM 43-4099] "E:/la32r_soc_ciciec/la32r_soc_ciciec/rtl/ip/Bus_interconnects/AxiCrossbar_1x4.v" Line 1304. Module Axi4ReadOnlyDecoder doesn't have a timescale but at least one module in design has a timescale.
WARNING: [XSIM 43-4099] "E:/la32r_soc_ciciec/la32r_soc_ciciec/rtl/ip/Bus_interconnects/AxiCrossbar_1x4.v" Line 1684. Module Axi4ReadOnlyErrorSlave doesn't have a timescale but at least one module in design has a timescale.
WARNING: [XSIM 43-4099] "E:/la32r_soc_ciciec/la32r_soc_ciciec/rtl/ip/Bus_interconnects/AxiCrossbar_1x4.v" Line 918. Module Axi4WriteOnlyDecoder doesn't have a timescale but at least one module in design has a timescale.
WARNING: [XSIM 43-4099] "E:/la32r_soc_ciciec/la32r_soc_ciciec/rtl/ip/Bus_interconnects/AxiCrossbar_1x4.v" Line 1616. Module Axi4WriteOnlyErrorSlave doesn't have a timescale but at least one module in design has a timescale.
WARNING: [XSIM 43-4099] "E:/la32r_soc_ciciec/la32r_soc_ciciec/rtl/ip/Bus_interconnects/AxiCrossbar_1x4.v" Line 5. Module AxiCrossbar_1x4 doesn't have a timescale but at least one module in design has a timescale.
WARNING: [XSIM 43-4099] "E:/la32r_soc_ciciec/la32r_soc_ciciec/rtl/ip/Bus_interconnects/AxiCrossbar_1x4.v" Line 1304. Module Axi4ReadOnlyDecoder doesn't have a timescale but at least one module in design has a timescale.
WARNING: [XSIM 43-4099] "E:/la32r_soc_ciciec/la32r_soc_ciciec/rtl/ip/Bus_interconnects/AxiCrossbar_1x4.v" Line 1684. Module Axi4ReadOnlyErrorSlave doesn't have a timescale but at least one module in design has a timescale.
WARNING: [XSIM 43-4099] "E:/la32r_soc_ciciec/la32r_soc_ciciec/rtl/ip/Bus_interconnects/AxiCrossbar_1x4.v" Line 918. Module Axi4WriteOnlyDecoder doesn't have a timescale but at least one module in design has a timescale.
WARNING: [XSIM 43-4099] "E:/la32r_soc_ciciec/la32r_soc_ciciec/rtl/ip/Bus_interconnects/AxiCrossbar_1x4.v" Line 1616. Module Axi4WriteOnlyErrorSlave doesn't have a timescale but at least one module in design has a timescale.
Completed simulation data flow analysis
Time Resolution for simulation is 1ps
Compiling module xil_defaultlib.rst_sync
Compiling module xil_defaultlib.if_stage
Compiling module xil_defaultlib.decoder_6_64
Compiling module xil_defaultlib.decoder_4_16
Compiling module xil_defaultlib.decoder_2_4
Compiling module xil_defaultlib.decoder_5_32
Compiling module xil_defaultlib.regfile
Compiling module xil_defaultlib.id_stage
Compiling module xil_defaultlib.alu
Compiling module xil_defaultlib.exe_stage
Compiling module xil_defaultlib.div
Compiling module xil_defaultlib.YDecoder
Compiling module xil_defaultlib.BoothBase
Compiling module xil_defaultlib.BoothInterBase_default
Compiling module xil_defaultlib.addr
Compiling module xil_defaultlib.WallaceTreeBase
Compiling module xil_defaultlib.mul_default
Compiling module xil_defaultlib.mem_stage
Compiling module xil_defaultlib.wb_stage
Compiling module xil_defaultlib.csr
Compiling module xil_defaultlib.axi_bridge
Compiling module xil_defaultlib.encoder_4_2
Compiling module xil_defaultlib.encoder_16_4
Compiling module xil_defaultlib.encoder_32_5
Compiling module xil_defaultlib.tlb_entry_default
Compiling module xil_defaultlib.addr_trans
Compiling module xil_defaultlib.one_valid_n(n=2)
Compiling module xil_defaultlib.data_bank_sram_default
Compiling module xil_defaultlib.tagv_sram_default
Compiling module xil_defaultlib.lfsr
Compiling module xil_defaultlib.icache_default
Compiling module xil_defaultlib.dcache_default
Compiling module xil_defaultlib.one_valid_32
Compiling module xil_defaultlib.one_valid_16
Compiling module xil_defaultlib.btb_default
Compiling module xil_defaultlib.perf_counter
Compiling module xil_defaultlib.core_top
Compiling module xil_defaultlib.BufferCC_9
Compiling module xil_defaultlib.BufferCC_10
Compiling module xil_defaultlib.BufferCC_11
Compiling module xil_defaultlib.StreamFifoCC
Compiling module xil_defaultlib.BufferCC_7
Compiling module xil_defaultlib.BufferCC_8
Compiling module xil_defaultlib.StreamFifoCC_1
Compiling module xil_defaultlib.BufferCC_4
Compiling module xil_defaultlib.BufferCC_5
Compiling module xil_defaultlib.BufferCC_6
Compiling module xil_defaultlib.StreamFifoCC_2
Compiling module xil_defaultlib.StreamFifoCC_3
Compiling module xil_defaultlib.BufferCC
Compiling module xil_defaultlib.BufferCC_1
Compiling module xil_defaultlib.StreamFifoCC_4
Compiling module xil_defaultlib.Axi_CDC
Compiling module xil_defaultlib.Axi4ReadOnlyErrorSlave
Compiling module xil_defaultlib.Axi4ReadOnlyDecoder
Compiling module xil_defaultlib.Axi4WriteOnlyErrorSlave
Compiling module xil_defaultlib.Axi4WriteOnlyDecoder
Compiling module xil_defaultlib.AxiCrossbar_1x4
Compiling module xil_defaultlib.axi2sram_sp_ext_default
Compiling module xil_defaultlib.axi_wrap_ram_sp_ext
Compiling module xil_defaultlib.axi2apb_bridge
Compiling module xil_defaultlib.arb_2_1
Compiling module xil_defaultlib.apb_mux2
Compiling module xil_defaultlib.raminfr
Compiling module xil_defaultlib.uart_tfifo
Compiling module xil_defaultlib.uart_transmitter
Compiling module xil_defaultlib.uart_sync_flops(width=1,init_val...
Compiling module xil_defaultlib.uart_rfifo(fifo_width=11)
Compiling module xil_defaultlib.uart_receiver
Compiling module xil_defaultlib.uart_regs
Compiling module xil_defaultlib.UART_TOP
Compiling module xil_defaultlib.axi_uart_controller
Compiling module xil_defaultlib.lcd_driver
Compiling module xil_defaultlib.digitaltube_controller
Compiling module xil_defaultlib.confreg(SIMULATION=1'b1)
Compiling module xil_defaultlib.soc_top(SIMULATION=1'b1)
Compiling module xil_defaultlib.sram_sp(AW=18,Init_File="../../....
Compiling module xil_defaultlib.tb_top
Compiling module xil_defaultlib.glbl
Built simulation snapshot tb_top_behav
